<?xml version="1.0" encoding="UTF-8"?>
<coverage generated="1763243330198" clover="3.2.0">
  <project timestamp="1763243330198" name="All files">
    <metrics statements="94" coveredstatements="93" conditionals="6" coveredconditionals="5" methods="21" coveredmethods="20" elements="121" coveredelements="118" complexity="0" loc="94" ncloc="94" packages="4" files="32" classes="32"/>
    <package name="zod-resume-schema">
      <metrics statements="6" coveredstatements="6" conditionals="0" coveredconditionals="0" methods="0" coveredmethods="0"/>
      <file name="validator.js" path="/Users/nbbaier/Code/zod-resume-schema/validator.js">
        <metrics statements="6" coveredstatements="6" conditionals="0" coveredconditionals="0" methods="0" coveredmethods="0"/>
        <line num="10" count="13" type="stmt"/>
        <line num="11" count="13" type="stmt"/>
        <line num="12" count="13" type="stmt"/>
        <line num="15" count="13" type="stmt"/>
        <line num="16" count="13" type="stmt"/>
        <line num="18" count="13" type="stmt"/>
      </file>
    </package>
    <package name="zod-resume-schema.src">
      <metrics statements="51" coveredstatements="50" conditionals="6" coveredconditionals="5" methods="21" coveredmethods="20"/>
      <file name="job-schema.ts" path="/Users/nbbaier/Code/zod-resume-schema/src/job-schema.ts">
        <metrics statements="7" coveredstatements="7" conditionals="0" coveredconditionals="0" methods="0" coveredmethods="0"/>
        <line num="1" count="13" type="stmt"/>
        <line num="2" count="13" type="stmt"/>
        <line num="3" count="13" type="stmt"/>
        <line num="4" count="13" type="stmt"/>
        <line num="5" count="13" type="stmt"/>
        <line num="10" count="13" type="stmt"/>
        <line num="17" count="13" type="stmt"/>
      </file>
      <file name="schema.ts" path="/Users/nbbaier/Code/zod-resume-schema/src/schema.ts">
        <metrics statements="29" coveredstatements="29" conditionals="0" coveredconditionals="0" methods="16" coveredmethods="16"/>
        <line num="1" count="13" type="stmt"/>
        <line num="2" count="13" type="stmt"/>
        <line num="3" count="13" type="stmt"/>
        <line num="4" count="13" type="stmt"/>
        <line num="5" count="13" type="stmt"/>
        <line num="6" count="13" type="stmt"/>
        <line num="7" count="13" type="stmt"/>
        <line num="8" count="13" type="stmt"/>
        <line num="9" count="13" type="stmt"/>
        <line num="10" count="13" type="stmt"/>
        <line num="11" count="13" type="stmt"/>
        <line num="12" count="13" type="stmt"/>
        <line num="13" count="13" type="stmt"/>
        <line num="14" count="13" type="stmt"/>
        <line num="22" count="13" type="stmt"/>
        <line num="53" count="13" type="stmt"/>
        <line num="54" count="13" type="stmt"/>
        <line num="55" count="13" type="stmt"/>
        <line num="56" count="13" type="stmt"/>
        <line num="57" count="13" type="stmt"/>
        <line num="58" count="13" type="stmt"/>
        <line num="59" count="13" type="stmt"/>
        <line num="60" count="13" type="stmt"/>
        <line num="61" count="13" type="stmt"/>
        <line num="62" count="13" type="stmt"/>
        <line num="63" count="13" type="stmt"/>
        <line num="64" count="13" type="stmt"/>
        <line num="65" count="13" type="stmt"/>
        <line num="66" count="13" type="stmt"/>
      </file>
      <file name="validator.ts" path="/Users/nbbaier/Code/zod-resume-schema/src/validator.ts">
        <metrics statements="15" coveredstatements="14" conditionals="6" coveredconditionals="5" methods="5" coveredmethods="4"/>
        <line num="2" count="13" type="stmt"/>
        <line num="26" count="92" type="stmt"/>
        <line num="36" count="13" type="stmt"/>
        <line num="37" count="204" type="stmt"/>
        <line num="39" count="204" type="cond" truecount="2" falsecount="0"/>
        <line num="40" count="112" type="stmt"/>
        <line num="46" count="92" type="stmt"/>
        <line num="55" count="13" type="stmt"/>
        <line num="59" count="204" type="stmt"/>
        <line num="61" count="204" type="cond" truecount="2" falsecount="0"/>
        <line num="62" count="112" type="stmt"/>
        <line num="64" count="92" type="cond" truecount="1" falsecount="1"/>
        <line num="71" count="13" type="stmt"/>
        <line num="72" count="0" type="stmt"/>
        <line num="75" count="13" type="stmt"/>
      </file>
    </package>
    <package name="zod-resume-schema.src.schemas">
      <metrics statements="37" coveredstatements="37" conditionals="0" coveredconditionals="0" methods="0" coveredmethods="0"/>
      <file name="awards.ts" path="/Users/nbbaier/Code/zod-resume-schema/src/schemas/awards.ts">
        <metrics statements="3" coveredstatements="3" conditionals="0" coveredconditionals="0" methods="0" coveredmethods="0"/>
        <line num="1" count="13" type="stmt"/>
        <line num="2" count="13" type="stmt"/>
        <line num="7" count="13" type="stmt"/>
      </file>
      <file name="basics.ts" path="/Users/nbbaier/Code/zod-resume-schema/src/schemas/basics.ts">
        <metrics statements="4" coveredstatements="4" conditionals="0" coveredconditionals="0" methods="0" coveredmethods="0"/>
        <line num="1" count="13" type="stmt"/>
        <line num="6" count="13" type="stmt"/>
        <line num="24" count="13" type="stmt"/>
        <line num="40" count="13" type="stmt"/>
      </file>
      <file name="certificates.ts" path="/Users/nbbaier/Code/zod-resume-schema/src/schemas/certificates.ts">
        <metrics statements="3" coveredstatements="3" conditionals="0" coveredconditionals="0" methods="0" coveredmethods="0"/>
        <line num="1" count="13" type="stmt"/>
        <line num="2" count="13" type="stmt"/>
        <line num="7" count="13" type="stmt"/>
      </file>
      <file name="education.ts" path="/Users/nbbaier/Code/zod-resume-schema/src/schemas/education.ts">
        <metrics statements="3" coveredstatements="3" conditionals="0" coveredconditionals="0" methods="0" coveredmethods="0"/>
        <line num="1" count="13" type="stmt"/>
        <line num="2" count="13" type="stmt"/>
        <line num="7" count="13" type="stmt"/>
      </file>
      <file name="interests.ts" path="/Users/nbbaier/Code/zod-resume-schema/src/schemas/interests.ts">
        <metrics statements="2" coveredstatements="2" conditionals="0" coveredconditionals="0" methods="0" coveredmethods="0"/>
        <line num="1" count="13" type="stmt"/>
        <line num="6" count="13" type="stmt"/>
      </file>
      <file name="iso8601.ts" path="/Users/nbbaier/Code/zod-resume-schema/src/schemas/iso8601.ts">
        <metrics statements="2" coveredstatements="2" conditionals="0" coveredconditionals="0" methods="0" coveredmethods="0"/>
        <line num="1" count="13" type="stmt"/>
        <line num="10" count="13" type="stmt"/>
      </file>
      <file name="languages.ts" path="/Users/nbbaier/Code/zod-resume-schema/src/schemas/languages.ts">
        <metrics statements="2" coveredstatements="2" conditionals="0" coveredconditionals="0" methods="0" coveredmethods="0"/>
        <line num="1" count="13" type="stmt"/>
        <line num="6" count="13" type="stmt"/>
      </file>
      <file name="meta.ts" path="/Users/nbbaier/Code/zod-resume-schema/src/schemas/meta.ts">
        <metrics statements="2" coveredstatements="2" conditionals="0" coveredconditionals="0" methods="0" coveredmethods="0"/>
        <line num="1" count="13" type="stmt"/>
        <line num="6" count="13" type="stmt"/>
      </file>
      <file name="projects.ts" path="/Users/nbbaier/Code/zod-resume-schema/src/schemas/projects.ts">
        <metrics statements="3" coveredstatements="3" conditionals="0" coveredconditionals="0" methods="0" coveredmethods="0"/>
        <line num="1" count="13" type="stmt"/>
        <line num="2" count="13" type="stmt"/>
        <line num="7" count="13" type="stmt"/>
      </file>
      <file name="publications.ts" path="/Users/nbbaier/Code/zod-resume-schema/src/schemas/publications.ts">
        <metrics statements="3" coveredstatements="3" conditionals="0" coveredconditionals="0" methods="0" coveredmethods="0"/>
        <line num="1" count="13" type="stmt"/>
        <line num="2" count="13" type="stmt"/>
        <line num="7" count="13" type="stmt"/>
      </file>
      <file name="references.ts" path="/Users/nbbaier/Code/zod-resume-schema/src/schemas/references.ts">
        <metrics statements="2" coveredstatements="2" conditionals="0" coveredconditionals="0" methods="0" coveredmethods="0"/>
        <line num="1" count="13" type="stmt"/>
        <line num="6" count="13" type="stmt"/>
      </file>
      <file name="skills.ts" path="/Users/nbbaier/Code/zod-resume-schema/src/schemas/skills.ts">
        <metrics statements="2" coveredstatements="2" conditionals="0" coveredconditionals="0" methods="0" coveredmethods="0"/>
        <line num="1" count="13" type="stmt"/>
        <line num="6" count="13" type="stmt"/>
      </file>
      <file name="volunteer.ts" path="/Users/nbbaier/Code/zod-resume-schema/src/schemas/volunteer.ts">
        <metrics statements="3" coveredstatements="3" conditionals="0" coveredconditionals="0" methods="0" coveredmethods="0"/>
        <line num="1" count="13" type="stmt"/>
        <line num="2" count="13" type="stmt"/>
        <line num="7" count="13" type="stmt"/>
      </file>
      <file name="work.ts" path="/Users/nbbaier/Code/zod-resume-schema/src/schemas/work.ts">
        <metrics statements="3" coveredstatements="3" conditionals="0" coveredconditionals="0" methods="0" coveredmethods="0"/>
        <line num="1" count="13" type="stmt"/>
        <line num="2" count="13" type="stmt"/>
        <line num="7" count="13" type="stmt"/>
      </file>
    </package>
    <package name="zod-resume-schema.test.__test__">
      <metrics statements="0" coveredstatements="0" conditionals="0" coveredconditionals="0" methods="0" coveredmethods="0"/>
      <file name="awards.json" path="/Users/nbbaier/Code/zod-resume-schema/test/__test__/awards.json">
        <metrics statements="0" coveredstatements="0" conditionals="0" coveredconditionals="0" methods="0" coveredmethods="0"/>
      </file>
      <file name="basics.json" path="/Users/nbbaier/Code/zod-resume-schema/test/__test__/basics.json">
        <metrics statements="0" coveredstatements="0" conditionals="0" coveredconditionals="0" methods="0" coveredmethods="0"/>
      </file>
      <file name="certificates.json" path="/Users/nbbaier/Code/zod-resume-schema/test/__test__/certificates.json">
        <metrics statements="0" coveredstatements="0" conditionals="0" coveredconditionals="0" methods="0" coveredmethods="0"/>
      </file>
      <file name="dates.json" path="/Users/nbbaier/Code/zod-resume-schema/test/__test__/dates.json">
        <metrics statements="0" coveredstatements="0" conditionals="0" coveredconditionals="0" methods="0" coveredmethods="0"/>
      </file>
      <file name="education.json" path="/Users/nbbaier/Code/zod-resume-schema/test/__test__/education.json">
        <metrics statements="0" coveredstatements="0" conditionals="0" coveredconditionals="0" methods="0" coveredmethods="0"/>
      </file>
      <file name="interests.json" path="/Users/nbbaier/Code/zod-resume-schema/test/__test__/interests.json">
        <metrics statements="0" coveredstatements="0" conditionals="0" coveredconditionals="0" methods="0" coveredmethods="0"/>
      </file>
      <file name="languages.json" path="/Users/nbbaier/Code/zod-resume-schema/test/__test__/languages.json">
        <metrics statements="0" coveredstatements="0" conditionals="0" coveredconditionals="0" methods="0" coveredmethods="0"/>
      </file>
      <file name="meta.json" path="/Users/nbbaier/Code/zod-resume-schema/test/__test__/meta.json">
        <metrics statements="0" coveredstatements="0" conditionals="0" coveredconditionals="0" methods="0" coveredmethods="0"/>
      </file>
      <file name="projects.json" path="/Users/nbbaier/Code/zod-resume-schema/test/__test__/projects.json">
        <metrics statements="0" coveredstatements="0" conditionals="0" coveredconditionals="0" methods="0" coveredmethods="0"/>
      </file>
      <file name="publications.json" path="/Users/nbbaier/Code/zod-resume-schema/test/__test__/publications.json">
        <metrics statements="0" coveredstatements="0" conditionals="0" coveredconditionals="0" methods="0" coveredmethods="0"/>
      </file>
      <file name="references.json" path="/Users/nbbaier/Code/zod-resume-schema/test/__test__/references.json">
        <metrics statements="0" coveredstatements="0" conditionals="0" coveredconditionals="0" methods="0" coveredmethods="0"/>
      </file>
      <file name="skills.json" path="/Users/nbbaier/Code/zod-resume-schema/test/__test__/skills.json">
        <metrics statements="0" coveredstatements="0" conditionals="0" coveredconditionals="0" methods="0" coveredmethods="0"/>
      </file>
      <file name="volunteer.json" path="/Users/nbbaier/Code/zod-resume-schema/test/__test__/volunteer.json">
        <metrics statements="0" coveredstatements="0" conditionals="0" coveredconditionals="0" methods="0" coveredmethods="0"/>
      </file>
      <file name="work.json" path="/Users/nbbaier/Code/zod-resume-schema/test/__test__/work.json">
        <metrics statements="0" coveredstatements="0" conditionals="0" coveredconditionals="0" methods="0" coveredmethods="0"/>
      </file>
    </package>
  </project>
</coverage>
