{"/Users/nbbaier/Code/zod-resume-schema/validator.js": {"path":"/Users/nbbaier/Code/zod-resume-schema/validator.js","statementMap":{"0":{"start":{"line":10,"column":50},"end":{"line":10,"column":77}},"1":{"start":{"line":11,"column":25},"end":{"line":11,"column":49}},"2":{"start":{"line":12,"column":22},"end":{"line":12,"column":50}},"3":{"start":{"line":15,"column":15},"end":{"line":15,"column":39}},"4":{"start":{"line":16,"column":22},"end":{"line":16,"column":50}},"5":{"start":{"line":18,"column":0},"end":{"line":27,"column":null}}},"fnMap":{},"branchMap":{},"s":{"0":13,"1":13,"2":13,"3":13,"4":13,"5":13},"f":{},"b":{},"meta":{"lastBranch":0,"lastFunction":0,"lastStatement":6,"seen":{"s:10:50:10:77":0,"s:11:25:11:49":1,"s:12:22:12:50":2,"s:15:15:15:39":3,"s:16:22:16:50":4,"s:18:0:27:Infinity":5}}}
,"/Users/nbbaier/Code/zod-resume-schema/src/job-schema.ts": {"path":"/Users/nbbaier/Code/zod-resume-schema/src/job-schema.ts","statementMap":{"0":{"start":{"line":1,"column":0},"end":{"line":1,"column":null}},"1":{"start":{"line":2,"column":0},"end":{"line":2,"column":null}},"2":{"start":{"line":3,"column":0},"end":{"line":3,"column":null}},"3":{"start":{"line":4,"column":0},"end":{"line":4,"column":null}},"4":{"start":{"line":5,"column":0},"end":{"line":5,"column":null}},"5":{"start":{"line":10,"column":13},"end":{"line":10,"column":null}},"6":{"start":{"line":17,"column":13},"end":{"line":48,"column":null}}},"fnMap":{},"branchMap":{},"s":{"0":13,"1":13,"2":13,"3":13,"4":13,"5":13,"6":13},"f":{},"b":{},"meta":{"lastBranch":0,"lastFunction":0,"lastStatement":7,"seen":{"s:1:0:1:Infinity":0,"s:2:0:2:Infinity":1,"s:3:0:3:Infinity":2,"s:4:0:4:Infinity":3,"s:5:0:5:Infinity":4,"s:10:13:10:Infinity":5,"s:17:13:48:Infinity":6}}}
,"/Users/nbbaier/Code/zod-resume-schema/src/schema.ts": {"path":"/Users/nbbaier/Code/zod-resume-schema/src/schema.ts","statementMap":{"0":{"start":{"line":1,"column":0},"end":{"line":1,"column":null}},"1":{"start":{"line":2,"column":0},"end":{"line":2,"column":null}},"2":{"start":{"line":3,"column":0},"end":{"line":3,"column":null}},"3":{"start":{"line":4,"column":0},"end":{"line":4,"column":null}},"4":{"start":{"line":5,"column":0},"end":{"line":5,"column":null}},"5":{"start":{"line":6,"column":0},"end":{"line":6,"column":null}},"6":{"start":{"line":7,"column":0},"end":{"line":7,"column":null}},"7":{"start":{"line":8,"column":0},"end":{"line":8,"column":null}},"8":{"start":{"line":9,"column":0},"end":{"line":9,"column":null}},"9":{"start":{"line":10,"column":0},"end":{"line":10,"column":null}},"10":{"start":{"line":11,"column":0},"end":{"line":11,"column":null}},"11":{"start":{"line":12,"column":0},"end":{"line":12,"column":null}},"12":{"start":{"line":13,"column":0},"end":{"line":13,"column":null}},"13":{"start":{"line":14,"column":0},"end":{"line":14,"column":null}},"14":{"start":{"line":22,"column":13},"end":{"line":48,"column":null}},"15":{"start":{"line":53,"column":0},"end":{"line":53,"column":9}},"16":{"start":{"line":53,"column":9},"end":{"line":53,"column":36}},"17":{"start":{"line":53,"column":36},"end":{"line":53,"column":67}},"18":{"start":{"line":53,"column":67},"end":{"line":53,"column":null}},"19":{"start":{"line":54,"column":0},"end":{"line":54,"column":9}},"20":{"start":{"line":54,"column":9},"end":{"line":54,"column":null}},"21":{"start":{"line":55,"column":0},"end":{"line":55,"column":9}},"22":{"start":{"line":55,"column":9},"end":{"line":55,"column":null}},"23":{"start":{"line":56,"column":0},"end":{"line":56,"column":9}},"24":{"start":{"line":56,"column":9},"end":{"line":56,"column":null}},"25":{"start":{"line":57,"column":0},"end":{"line":57,"column":9}},"26":{"start":{"line":57,"column":9},"end":{"line":57,"column":null}},"27":{"start":{"line":58,"column":0},"end":{"line":58,"column":9}},"28":{"start":{"line":58,"column":9},"end":{"line":58,"column":null}},"29":{"start":{"line":59,"column":0},"end":{"line":59,"column":9}},"30":{"start":{"line":59,"column":9},"end":{"line":59,"column":null}},"31":{"start":{"line":60,"column":0},"end":{"line":60,"column":9}},"32":{"start":{"line":60,"column":9},"end":{"line":60,"column":null}},"33":{"start":{"line":61,"column":0},"end":{"line":61,"column":9}},"34":{"start":{"line":61,"column":9},"end":{"line":61,"column":null}},"35":{"start":{"line":62,"column":0},"end":{"line":62,"column":9}},"36":{"start":{"line":62,"column":9},"end":{"line":62,"column":null}},"37":{"start":{"line":63,"column":0},"end":{"line":63,"column":9}},"38":{"start":{"line":63,"column":9},"end":{"line":63,"column":null}},"39":{"start":{"line":64,"column":0},"end":{"line":64,"column":9}},"40":{"start":{"line":64,"column":9},"end":{"line":64,"column":null}},"41":{"start":{"line":65,"column":0},"end":{"line":65,"column":9}},"42":{"start":{"line":65,"column":9},"end":{"line":65,"column":null}},"43":{"start":{"line":66,"column":0},"end":{"line":66,"column":9}},"44":{"start":{"line":66,"column":9},"end":{"line":66,"column":null}}},"fnMap":{"0":{"name":"(anonymous_0)","decl":{"start":{"line":53,"column":9},"end":{"line":53,"column":21}},"loc":{"start":{"line":53,"column":9},"end":{"line":53,"column":36}},"line":53},"1":{"name":"(anonymous_1)","decl":{"start":{"line":53,"column":36},"end":{"line":53,"column":50}},"loc":{"start":{"line":53,"column":36},"end":{"line":53,"column":67}},"line":53},"2":{"name":"(anonymous_2)","decl":{"start":{"line":53,"column":67},"end":{"line":53,"column":80}},"loc":{"start":{"line":53,"column":67},"end":{"line":53,"column":null}},"line":53},"3":{"name":"(anonymous_3)","decl":{"start":{"line":54,"column":9},"end":{"line":54,"column":19}},"loc":{"start":{"line":54,"column":9},"end":{"line":54,"column":null}},"line":54},"4":{"name":"(anonymous_4)","decl":{"start":{"line":55,"column":9},"end":{"line":55,"column":24}},"loc":{"start":{"line":55,"column":9},"end":{"line":55,"column":null}},"line":55},"5":{"name":"(anonymous_5)","decl":{"start":{"line":56,"column":9},"end":{"line":56,"column":24}},"loc":{"start":{"line":56,"column":9},"end":{"line":56,"column":null}},"line":56},"6":{"name":"(anonymous_6)","decl":{"start":{"line":57,"column":9},"end":{"line":57,"column":20}},"loc":{"start":{"line":57,"column":9},"end":{"line":57,"column":null}},"line":57},"7":{"name":"(anonymous_7)","decl":{"start":{"line":58,"column":9},"end":{"line":58,"column":26}},"loc":{"start":{"line":58,"column":9},"end":{"line":58,"column":null}},"line":58},"8":{"name":"(anonymous_8)","decl":{"start":{"line":59,"column":9},"end":{"line":59,"column":26}},"loc":{"start":{"line":59,"column":9},"end":{"line":59,"column":null}},"line":59},"9":{"name":"(anonymous_9)","decl":{"start":{"line":60,"column":9},"end":{"line":60,"column":20}},"loc":{"start":{"line":60,"column":9},"end":{"line":60,"column":null}},"line":60},"10":{"name":"(anonymous_10)","decl":{"start":{"line":61,"column":9},"end":{"line":61,"column":23}},"loc":{"start":{"line":61,"column":9},"end":{"line":61,"column":null}},"line":61},"11":{"name":"(anonymous_11)","decl":{"start":{"line":62,"column":9},"end":{"line":62,"column":23}},"loc":{"start":{"line":62,"column":9},"end":{"line":62,"column":null}},"line":62},"12":{"name":"(anonymous_12)","decl":{"start":{"line":63,"column":9},"end":{"line":63,"column":24}},"loc":{"start":{"line":63,"column":9},"end":{"line":63,"column":null}},"line":63},"13":{"name":"(anonymous_13)","decl":{"start":{"line":64,"column":9},"end":{"line":64,"column":22}},"loc":{"start":{"line":64,"column":9},"end":{"line":64,"column":null}},"line":64},"14":{"name":"(anonymous_14)","decl":{"start":{"line":65,"column":9},"end":{"line":65,"column":19}},"loc":{"start":{"line":65,"column":9},"end":{"line":65,"column":null}},"line":65},"15":{"name":"(anonymous_15)","decl":{"start":{"line":66,"column":9},"end":{"line":66,"column":22}},"loc":{"start":{"line":66,"column":9},"end":{"line":66,"column":null}},"line":66}},"branchMap":{},"s":{"0":13,"1":13,"2":13,"3":13,"4":13,"5":13,"6":13,"7":13,"8":13,"9":13,"10":13,"11":13,"12":13,"13":13,"14":13,"15":13,"16":0,"17":0,"18":0,"19":13,"20":0,"21":13,"22":0,"23":13,"24":0,"25":13,"26":0,"27":13,"28":0,"29":13,"30":0,"31":13,"32":0,"33":13,"34":0,"35":13,"36":0,"37":13,"38":0,"39":13,"40":0,"41":13,"42":0,"43":13,"44":0},"f":{"0":13,"1":13,"2":13,"3":13,"4":13,"5":13,"6":13,"7":13,"8":13,"9":13,"10":13,"11":13,"12":13,"13":13,"14":13,"15":13},"b":{},"meta":{"lastBranch":0,"lastFunction":16,"lastStatement":45,"seen":{"s:1:0:1:Infinity":0,"s:2:0:2:Infinity":1,"s:3:0:3:Infinity":2,"s:4:0:4:Infinity":3,"s:5:0:5:Infinity":4,"s:6:0:6:Infinity":5,"s:7:0:7:Infinity":6,"s:8:0:8:Infinity":7,"s:9:0:9:Infinity":8,"s:10:0:10:Infinity":9,"s:11:0:11:Infinity":10,"s:12:0:12:Infinity":11,"s:13:0:13:Infinity":12,"s:14:0:14:Infinity":13,"s:22:13:48:Infinity":14,"s:53:0:53:9":15,"s:53:9:53:36":16,"f:53:9:53:21":0,"s:53:36:53:67":17,"f:53:36:53:50":1,"s:53:67:53:Infinity":18,"f:53:67:53:80":2,"s:54:0:54:9":19,"s:54:9:54:Infinity":20,"f:54:9:54:19":3,"s:55:0:55:9":21,"s:55:9:55:Infinity":22,"f:55:9:55:24":4,"s:56:0:56:9":23,"s:56:9:56:Infinity":24,"f:56:9:56:24":5,"s:57:0:57:9":25,"s:57:9:57:Infinity":26,"f:57:9:57:20":6,"s:58:0:58:9":27,"s:58:9:58:Infinity":28,"f:58:9:58:26":7,"s:59:0:59:9":29,"s:59:9:59:Infinity":30,"f:59:9:59:26":8,"s:60:0:60:9":31,"s:60:9:60:Infinity":32,"f:60:9:60:20":9,"s:61:0:61:9":33,"s:61:9:61:Infinity":34,"f:61:9:61:23":10,"s:62:0:62:9":35,"s:62:9:62:Infinity":36,"f:62:9:62:23":11,"s:63:0:63:9":37,"s:63:9:63:Infinity":38,"f:63:9:63:24":12,"s:64:0:64:9":39,"s:64:9:64:Infinity":40,"f:64:9:64:22":13,"s:65:0:65:9":41,"s:65:9:65:Infinity":42,"f:65:9:65:19":14,"s:66:0:66:9":43,"s:66:9:66:Infinity":44,"f:66:9:66:22":15}}}
,"/Users/nbbaier/Code/zod-resume-schema/src/validator.ts": {"path":"/Users/nbbaier/Code/zod-resume-schema/src/validator.ts","statementMap":{"0":{"start":{"line":36,"column":0},"end":{"line":36,"column":16}},"1":{"start":{"line":55,"column":0},"end":{"line":55,"column":16}},"2":{"start":{"line":71,"column":0},"end":{"line":71,"column":16}},"3":{"start":{"line":2,"column":0},"end":{"line":2,"column":null}},"4":{"start":{"line":26,"column":2},"end":{"line":30,"column":null}},"5":{"start":{"line":26,"column":36},"end":{"line":30,"column":4}},"6":{"start":{"line":37,"column":17},"end":{"line":37,"column":51}},"7":{"start":{"line":39,"column":2},"end":{"line":44,"column":null}},"8":{"start":{"line":40,"column":4},"end":{"line":43,"column":null}},"9":{"start":{"line":46,"column":2},"end":{"line":49,"column":null}},"10":{"start":{"line":59,"column":17},"end":{"line":59,"column":43}},"11":{"start":{"line":61,"column":2},"end":{"line":65,"column":null}},"12":{"start":{"line":62,"column":4},"end":{"line":62,"column":null}},"13":{"start":{"line":64,"column":4},"end":{"line":64,"column":null}},"14":{"start":{"line":72,"column":2},"end":{"line":72,"column":null}},"15":{"start":{"line":75,"column":0},"end":{"line":80,"column":null}}},"fnMap":{"0":{"name":"formatZodErrors","decl":{"start":{"line":25,"column":9},"end":{"line":25,"column":24}},"loc":{"start":{"line":25,"column":40},"end":{"line":31,"column":null}},"line":25},"1":{"name":"(anonymous_1)","decl":{"start":{"line":26,"column":26},"end":{"line":26,"column":27}},"loc":{"start":{"line":26,"column":36},"end":{"line":30,"column":4}},"line":26},"2":{"name":"validateResume","decl":{"start":{"line":36,"column":16},"end":{"line":36,"column":30}},"loc":{"start":{"line":36,"column":50},"end":{"line":50,"column":null}},"line":36},"3":{"name":"validate","decl":{"start":{"line":55,"column":16},"end":{"line":55,"column":24}},"loc":{"start":{"line":57,"column":70},"end":{"line":66,"column":null}},"line":57},"4":{"name":"parseResume","decl":{"start":{"line":71,"column":16},"end":{"line":71,"column":27}},"loc":{"start":{"line":71,"column":47},"end":{"line":73,"column":null}},"line":71}},"branchMap":{"0":{"loc":{"start":{"line":39,"column":2},"end":{"line":44,"column":null}},"type":"if","locations":[{"start":{"line":39,"column":2},"end":{"line":44,"column":null}},{"start":{},"end":{}}],"line":39},"1":{"loc":{"start":{"line":61,"column":2},"end":{"line":65,"column":null}},"type":"if","locations":[{"start":{"line":61,"column":2},"end":{"line":65,"column":null}},{"start":{"line":63,"column":9},"end":{"line":65,"column":null}}],"line":61},"2":{"loc":{"start":{"line":64,"column":13},"end":{"line":64,"column":32}},"type":"binary-expr","locations":[{"start":{"line":64,"column":13},"end":{"line":64,"column":26}},{"start":{"line":64,"column":30},"end":{"line":64,"column":32}}],"line":64}},"s":{"0":13,"1":13,"2":13,"3":13,"4":92,"5":92,"6":204,"7":204,"8":112,"9":92,"10":204,"11":204,"12":112,"13":92,"14":0,"15":13},"f":{"0":92,"1":92,"2":204,"3":204,"4":0},"b":{"0":[112,92],"1":[112,92],"2":[92,0]},"meta":{"lastBranch":3,"lastFunction":5,"lastStatement":16,"seen":{"s:36:0:36:16":0,"s:55:0:55:16":1,"s:71:0:71:16":2,"s:2:0:2:Infinity":3,"f:25:9:25:24":0,"s:26:2:30:Infinity":4,"f:26:26:26:27":1,"s:26:36:30:4":5,"f:36:16:36:30":2,"s:37:17:37:51":6,"b:39:2:44:Infinity:undefined:undefined:undefined:undefined":0,"s:39:2:44:Infinity":7,"s:40:4:43:Infinity":8,"s:46:2:49:Infinity":9,"f:55:16:55:24":3,"s:59:17:59:43":10,"b:61:2:65:Infinity:63:9:65:Infinity":1,"s:61:2:65:Infinity":11,"s:62:4:62:Infinity":12,"s:64:4:64:Infinity":13,"b:64:13:64:26:64:30:64:32":2,"f:71:16:71:27":4,"s:72:2:72:Infinity":14,"s:75:0:80:Infinity":15}}}
,"/Users/nbbaier/Code/zod-resume-schema/src/schemas/awards.ts": {"path":"/Users/nbbaier/Code/zod-resume-schema/src/schemas/awards.ts","statementMap":{"0":{"start":{"line":1,"column":0},"end":{"line":1,"column":null}},"1":{"start":{"line":2,"column":0},"end":{"line":2,"column":null}},"2":{"start":{"line":7,"column":13},"end":{"line":17,"column":null}}},"fnMap":{},"branchMap":{},"s":{"0":13,"1":13,"2":13},"f":{},"b":{},"meta":{"lastBranch":0,"lastFunction":0,"lastStatement":3,"seen":{"s:1:0:1:Infinity":0,"s:2:0:2:Infinity":1,"s:7:13:17:Infinity":2}}}
,"/Users/nbbaier/Code/zod-resume-schema/src/schemas/basics.ts": {"path":"/Users/nbbaier/Code/zod-resume-schema/src/schemas/basics.ts","statementMap":{"0":{"start":{"line":1,"column":0},"end":{"line":1,"column":null}},"1":{"start":{"line":6,"column":13},"end":{"line":17,"column":null}},"2":{"start":{"line":24,"column":13},"end":{"line":33,"column":null}},"3":{"start":{"line":40,"column":13},"end":{"line":59,"column":null}}},"fnMap":{},"branchMap":{},"s":{"0":13,"1":13,"2":13,"3":13},"f":{},"b":{},"meta":{"lastBranch":0,"lastFunction":0,"lastStatement":4,"seen":{"s:1:0:1:Infinity":0,"s:6:13:17:Infinity":1,"s:24:13:33:Infinity":2,"s:40:13:59:Infinity":3}}}
,"/Users/nbbaier/Code/zod-resume-schema/src/schemas/certificates.ts": {"path":"/Users/nbbaier/Code/zod-resume-schema/src/schemas/certificates.ts","statementMap":{"0":{"start":{"line":1,"column":0},"end":{"line":1,"column":null}},"1":{"start":{"line":2,"column":0},"end":{"line":2,"column":null}},"2":{"start":{"line":7,"column":13},"end":{"line":17,"column":null}}},"fnMap":{},"branchMap":{},"s":{"0":13,"1":13,"2":13},"f":{},"b":{},"meta":{"lastBranch":0,"lastFunction":0,"lastStatement":3,"seen":{"s:1:0:1:Infinity":0,"s:2:0:2:Infinity":1,"s:7:13:17:Infinity":2}}}
,"/Users/nbbaier/Code/zod-resume-schema/src/schemas/education.ts": {"path":"/Users/nbbaier/Code/zod-resume-schema/src/schemas/education.ts","statementMap":{"0":{"start":{"line":1,"column":0},"end":{"line":1,"column":null}},"1":{"start":{"line":2,"column":0},"end":{"line":2,"column":null}},"2":{"start":{"line":7,"column":13},"end":{"line":26,"column":null}}},"fnMap":{},"branchMap":{},"s":{"0":13,"1":13,"2":13},"f":{},"b":{},"meta":{"lastBranch":0,"lastFunction":0,"lastStatement":3,"seen":{"s:1:0:1:Infinity":0,"s:2:0:2:Infinity":1,"s:7:13:26:Infinity":2}}}
,"/Users/nbbaier/Code/zod-resume-schema/src/schemas/interests.ts": {"path":"/Users/nbbaier/Code/zod-resume-schema/src/schemas/interests.ts","statementMap":{"0":{"start":{"line":1,"column":0},"end":{"line":1,"column":null}},"1":{"start":{"line":6,"column":13},"end":{"line":12,"column":null}}},"fnMap":{},"branchMap":{},"s":{"0":13,"1":13},"f":{},"b":{},"meta":{"lastBranch":0,"lastFunction":0,"lastStatement":2,"seen":{"s:1:0:1:Infinity":0,"s:6:13:12:Infinity":1}}}
,"/Users/nbbaier/Code/zod-resume-schema/src/schemas/iso8601.ts": {"path":"/Users/nbbaier/Code/zod-resume-schema/src/schemas/iso8601.ts","statementMap":{"0":{"start":{"line":1,"column":0},"end":{"line":1,"column":null}},"1":{"start":{"line":10,"column":13},"end":{"line":16,"column":null}}},"fnMap":{},"branchMap":{},"s":{"0":13,"1":13},"f":{},"b":{},"meta":{"lastBranch":0,"lastFunction":0,"lastStatement":2,"seen":{"s:1:0:1:Infinity":0,"s:10:13:16:Infinity":1}}}
,"/Users/nbbaier/Code/zod-resume-schema/src/schemas/languages.ts": {"path":"/Users/nbbaier/Code/zod-resume-schema/src/schemas/languages.ts","statementMap":{"0":{"start":{"line":1,"column":0},"end":{"line":1,"column":null}},"1":{"start":{"line":6,"column":13},"end":{"line":13,"column":null}}},"fnMap":{},"branchMap":{},"s":{"0":13,"1":13},"f":{},"b":{},"meta":{"lastBranch":0,"lastFunction":0,"lastStatement":2,"seen":{"s:1:0:1:Infinity":0,"s:6:13:13:Infinity":1}}}
,"/Users/nbbaier/Code/zod-resume-schema/src/schemas/meta.ts": {"path":"/Users/nbbaier/Code/zod-resume-schema/src/schemas/meta.ts","statementMap":{"0":{"start":{"line":1,"column":0},"end":{"line":1,"column":null}},"1":{"start":{"line":6,"column":13},"end":{"line":15,"column":null}}},"fnMap":{},"branchMap":{},"s":{"0":13,"1":13},"f":{},"b":{},"meta":{"lastBranch":0,"lastFunction":0,"lastStatement":2,"seen":{"s:1:0:1:Infinity":0,"s:6:13:15:Infinity":1}}}
,"/Users/nbbaier/Code/zod-resume-schema/src/schemas/projects.ts": {"path":"/Users/nbbaier/Code/zod-resume-schema/src/schemas/projects.ts","statementMap":{"0":{"start":{"line":1,"column":0},"end":{"line":1,"column":null}},"1":{"start":{"line":2,"column":0},"end":{"line":2,"column":null}},"2":{"start":{"line":7,"column":13},"end":{"line":30,"column":null}}},"fnMap":{},"branchMap":{},"s":{"0":13,"1":13,"2":13},"f":{},"b":{},"meta":{"lastBranch":0,"lastFunction":0,"lastStatement":3,"seen":{"s:1:0:1:Infinity":0,"s:2:0:2:Infinity":1,"s:7:13:30:Infinity":2}}}
,"/Users/nbbaier/Code/zod-resume-schema/src/schemas/publications.ts": {"path":"/Users/nbbaier/Code/zod-resume-schema/src/schemas/publications.ts","statementMap":{"0":{"start":{"line":1,"column":0},"end":{"line":1,"column":null}},"1":{"start":{"line":2,"column":0},"end":{"line":2,"column":null}},"2":{"start":{"line":7,"column":13},"end":{"line":19,"column":null}}},"fnMap":{},"branchMap":{},"s":{"0":13,"1":13,"2":13},"f":{},"b":{},"meta":{"lastBranch":0,"lastFunction":0,"lastStatement":3,"seen":{"s:1:0:1:Infinity":0,"s:2:0:2:Infinity":1,"s:7:13:19:Infinity":2}}}
,"/Users/nbbaier/Code/zod-resume-schema/src/schemas/references.ts": {"path":"/Users/nbbaier/Code/zod-resume-schema/src/schemas/references.ts","statementMap":{"0":{"start":{"line":1,"column":0},"end":{"line":1,"column":null}},"1":{"start":{"line":6,"column":13},"end":{"line":13,"column":null}}},"fnMap":{},"branchMap":{},"s":{"0":13,"1":13},"f":{},"b":{},"meta":{"lastBranch":0,"lastFunction":0,"lastStatement":2,"seen":{"s:1:0:1:Infinity":0,"s:6:13:13:Infinity":1}}}
,"/Users/nbbaier/Code/zod-resume-schema/src/schemas/skills.ts": {"path":"/Users/nbbaier/Code/zod-resume-schema/src/schemas/skills.ts","statementMap":{"0":{"start":{"line":1,"column":0},"end":{"line":1,"column":null}},"1":{"start":{"line":6,"column":13},"end":{"line":15,"column":null}}},"fnMap":{},"branchMap":{},"s":{"0":13,"1":13},"f":{},"b":{},"meta":{"lastBranch":0,"lastFunction":0,"lastStatement":2,"seen":{"s:1:0:1:Infinity":0,"s:6:13:15:Infinity":1}}}
,"/Users/nbbaier/Code/zod-resume-schema/src/schemas/volunteer.ts": {"path":"/Users/nbbaier/Code/zod-resume-schema/src/schemas/volunteer.ts","statementMap":{"0":{"start":{"line":1,"column":0},"end":{"line":1,"column":null}},"1":{"start":{"line":2,"column":0},"end":{"line":2,"column":null}},"2":{"start":{"line":7,"column":13},"end":{"line":26,"column":null}}},"fnMap":{},"branchMap":{},"s":{"0":13,"1":13,"2":13},"f":{},"b":{},"meta":{"lastBranch":0,"lastFunction":0,"lastStatement":3,"seen":{"s:1:0:1:Infinity":0,"s:2:0:2:Infinity":1,"s:7:13:26:Infinity":2}}}
,"/Users/nbbaier/Code/zod-resume-schema/src/schemas/work.ts": {"path":"/Users/nbbaier/Code/zod-resume-schema/src/schemas/work.ts","statementMap":{"0":{"start":{"line":1,"column":0},"end":{"line":1,"column":null}},"1":{"start":{"line":2,"column":0},"end":{"line":2,"column":null}},"2":{"start":{"line":7,"column":13},"end":{"line":30,"column":null}}},"fnMap":{},"branchMap":{},"s":{"0":13,"1":13,"2":13},"f":{},"b":{},"meta":{"lastBranch":0,"lastFunction":0,"lastStatement":3,"seen":{"s:1:0:1:Infinity":0,"s:2:0:2:Infinity":1,"s:7:13:30:Infinity":2}}}
,"/Users/nbbaier/Code/zod-resume-schema/test/__test__/awards.json": {"path":"/Users/nbbaier/Code/zod-resume-schema/test/__test__/awards.json","statementMap":{},"fnMap":{},"branchMap":{},"s":{},"f":{},"b":{},"meta":{"lastBranch":0,"lastFunction":0,"lastStatement":0,"seen":{}}}
,"/Users/nbbaier/Code/zod-resume-schema/test/__test__/basics.json": {"path":"/Users/nbbaier/Code/zod-resume-schema/test/__test__/basics.json","statementMap":{},"fnMap":{},"branchMap":{},"s":{},"f":{},"b":{},"meta":{"lastBranch":0,"lastFunction":0,"lastStatement":0,"seen":{}}}
,"/Users/nbbaier/Code/zod-resume-schema/test/__test__/certificates.json": {"path":"/Users/nbbaier/Code/zod-resume-schema/test/__test__/certificates.json","statementMap":{},"fnMap":{},"branchMap":{},"s":{},"f":{},"b":{},"meta":{"lastBranch":0,"lastFunction":0,"lastStatement":0,"seen":{}}}
,"/Users/nbbaier/Code/zod-resume-schema/test/__test__/dates.json": {"path":"/Users/nbbaier/Code/zod-resume-schema/test/__test__/dates.json","statementMap":{},"fnMap":{},"branchMap":{},"s":{},"f":{},"b":{},"meta":{"lastBranch":0,"lastFunction":0,"lastStatement":0,"seen":{}}}
,"/Users/nbbaier/Code/zod-resume-schema/test/__test__/education.json": {"path":"/Users/nbbaier/Code/zod-resume-schema/test/__test__/education.json","statementMap":{},"fnMap":{},"branchMap":{},"s":{},"f":{},"b":{},"meta":{"lastBranch":0,"lastFunction":0,"lastStatement":0,"seen":{}}}
,"/Users/nbbaier/Code/zod-resume-schema/test/__test__/interests.json": {"path":"/Users/nbbaier/Code/zod-resume-schema/test/__test__/interests.json","statementMap":{},"fnMap":{},"branchMap":{},"s":{},"f":{},"b":{},"meta":{"lastBranch":0,"lastFunction":0,"lastStatement":0,"seen":{}}}
,"/Users/nbbaier/Code/zod-resume-schema/test/__test__/languages.json": {"path":"/Users/nbbaier/Code/zod-resume-schema/test/__test__/languages.json","statementMap":{},"fnMap":{},"branchMap":{},"s":{},"f":{},"b":{},"meta":{"lastBranch":0,"lastFunction":0,"lastStatement":0,"seen":{}}}
,"/Users/nbbaier/Code/zod-resume-schema/test/__test__/meta.json": {"path":"/Users/nbbaier/Code/zod-resume-schema/test/__test__/meta.json","statementMap":{},"fnMap":{},"branchMap":{},"s":{},"f":{},"b":{},"meta":{"lastBranch":0,"lastFunction":0,"lastStatement":0,"seen":{}}}
,"/Users/nbbaier/Code/zod-resume-schema/test/__test__/projects.json": {"path":"/Users/nbbaier/Code/zod-resume-schema/test/__test__/projects.json","statementMap":{},"fnMap":{},"branchMap":{},"s":{},"f":{},"b":{},"meta":{"lastBranch":0,"lastFunction":0,"lastStatement":0,"seen":{}}}
,"/Users/nbbaier/Code/zod-resume-schema/test/__test__/publications.json": {"path":"/Users/nbbaier/Code/zod-resume-schema/test/__test__/publications.json","statementMap":{},"fnMap":{},"branchMap":{},"s":{},"f":{},"b":{},"meta":{"lastBranch":0,"lastFunction":0,"lastStatement":0,"seen":{}}}
,"/Users/nbbaier/Code/zod-resume-schema/test/__test__/references.json": {"path":"/Users/nbbaier/Code/zod-resume-schema/test/__test__/references.json","statementMap":{},"fnMap":{},"branchMap":{},"s":{},"f":{},"b":{},"meta":{"lastBranch":0,"lastFunction":0,"lastStatement":0,"seen":{}}}
,"/Users/nbbaier/Code/zod-resume-schema/test/__test__/skills.json": {"path":"/Users/nbbaier/Code/zod-resume-schema/test/__test__/skills.json","statementMap":{},"fnMap":{},"branchMap":{},"s":{},"f":{},"b":{},"meta":{"lastBranch":0,"lastFunction":0,"lastStatement":0,"seen":{}}}
,"/Users/nbbaier/Code/zod-resume-schema/test/__test__/volunteer.json": {"path":"/Users/nbbaier/Code/zod-resume-schema/test/__test__/volunteer.json","statementMap":{},"fnMap":{},"branchMap":{},"s":{},"f":{},"b":{},"meta":{"lastBranch":0,"lastFunction":0,"lastStatement":0,"seen":{}}}
,"/Users/nbbaier/Code/zod-resume-schema/test/__test__/work.json": {"path":"/Users/nbbaier/Code/zod-resume-schema/test/__test__/work.json","statementMap":{},"fnMap":{},"branchMap":{},"s":{},"f":{},"b":{},"meta":{"lastBranch":0,"lastFunction":0,"lastStatement":0,"seen":{}}}
}
